<?xml version="1.0" encoding="UTF-8"?>
<java version="1.7.0-ea" class="java.beans.XMLDecoder">
 <object class="com.matjazmuhic.tree.OrganismTree">
  <void property="assetManager">
   <object class="com.jme3.asset.DesktopAssetManager"/>
  </void>
  <void property="bulletAppState">
   <object class="com.jme3.bullet.BulletAppState"/>
  </void>
  <void property="jointTimeInterval">
   <int>250</int>
  </void>
  <void property="jointTimePeriod">
   <int>5000</int>
  </void>
  <void property="jointsMap">
   <object class="java.util.HashMap">
    <void method="put">
     <object class="com.jme3.bullet.joints.HingeJoint">
      <void property="collisionBetweenLinkedBodys">
       <boolean>false</boolean>
      </void>
     </object>
     <object class="com.matjazmuhic.util.JointProperties" id="JointProperties0">
      <void property="axis1">
       <object class="com.matjazmuhic.util.SimpleVector">
        <void property="x">
         <float>0.6568606</float>
        </void>
        <void property="y">
         <float>0.66743207</float>
        </void>
        <void property="z">
         <float>0.27314007</float>
        </void>
       </object>
      </void>
      <void property="axis2">
       <object class="com.matjazmuhic.util.SimpleVector">
        <void property="x">
         <float>0.19006157</float>
        </void>
        <void property="y">
         <float>0.52544725</float>
        </void>
        <void property="z">
         <float>0.42841524</float>
        </void>
       </object>
      </void>
      <void property="collisions">
       <boolean>true</boolean>
      </void>
      <void property="lowerLimit">
       <float>-1.341983</float>
      </void>
      <void property="motorMaxImpulse">
       <float>3.391469</float>
      </void>
      <void property="motorTargetVelocity">
       <float>95.42494</float>
      </void>
      <void property="timeA">
       <long>6</long>
      </void>
      <void property="timeB">
       <long>7</long>
      </void>
      <void property="upperLimit">
       <float>0.87203234</float>
      </void>
     </object>
    </void>
    <void method="put">
     <object class="com.jme3.bullet.joints.HingeJoint">
      <void property="collisionBetweenLinkedBodys">
       <boolean>false</boolean>
      </void>
     </object>
     <object class="com.matjazmuhic.util.JointProperties" id="JointProperties1">
      <void property="axis1">
       <object class="com.matjazmuhic.util.SimpleVector">
        <void property="x">
         <float>0.5603373</float>
        </void>
        <void property="y">
         <float>0.5578983</float>
        </void>
        <void property="z">
         <float>0.10616171</float>
        </void>
       </object>
      </void>
      <void property="axis2">
       <object class="com.matjazmuhic.util.SimpleVector">
        <void property="x">
         <float>0.24171329</float>
        </void>
        <void property="y">
         <float>0.48835546</float>
        </void>
        <void property="z">
         <float>0.6925506</float>
        </void>
       </object>
      </void>
      <void property="collisions">
       <boolean>true</boolean>
      </void>
      <void property="lowerLimit">
       <float>-0.9515331</float>
      </void>
      <void property="motorMaxImpulse">
       <float>2.368722</float>
      </void>
      <void property="motorTargetVelocity">
       <float>18.166143</float>
      </void>
      <void property="timeA">
       <long>5</long>
      </void>
      <void property="timeB">
       <long>14</long>
      </void>
      <void property="upperLimit">
       <float>1.5395925</float>
      </void>
     </object>
    </void>
    <void method="put">
     <object class="com.jme3.bullet.joints.HingeJoint">
      <void property="collisionBetweenLinkedBodys">
       <boolean>false</boolean>
      </void>
     </object>
     <object class="com.matjazmuhic.util.JointProperties" id="JointProperties2">
      <void property="axis1">
       <object class="com.matjazmuhic.util.SimpleVector">
        <void property="x">
         <float>0.49706793</float>
        </void>
        <void property="y">
         <float>0.4630103</float>
        </void>
        <void property="z">
         <float>0.33334678</float>
        </void>
       </object>
      </void>
      <void property="axis2">
       <object class="com.matjazmuhic.util.SimpleVector">
        <void property="x">
         <float>0.4302565</float>
        </void>
        <void property="y">
         <float>0.7650482</float>
        </void>
        <void property="z">
         <float>0.743039</float>
        </void>
       </object>
      </void>
      <void property="collisions">
       <boolean>true</boolean>
      </void>
      <void property="lowerLimit">
       <float>-0.08664799</float>
      </void>
      <void property="motorMaxImpulse">
       <float>2.83381</float>
      </void>
      <void property="motorTargetVelocity">
       <float>67.39555</float>
      </void>
      <void property="timeA">
       <long>12</long>
      </void>
      <void property="timeB">
       <long>3</long>
      </void>
      <void property="upperLimit">
       <float>0.12297414</float>
      </void>
     </object>
    </void>
    <void method="put">
     <object class="com.jme3.bullet.joints.HingeJoint">
      <void property="collisionBetweenLinkedBodys">
       <boolean>false</boolean>
      </void>
     </object>
     <object class="com.matjazmuhic.util.JointProperties" id="JointProperties3">
      <void property="axis1">
       <object class="com.matjazmuhic.util.SimpleVector">
        <void property="x">
         <float>0.52940327</float>
        </void>
        <void property="y">
         <float>7.159114E-4</float>
        </void>
        <void property="z">
         <float>0.585957</float>
        </void>
       </object>
      </void>
      <void property="axis2">
       <object class="com.matjazmuhic.util.SimpleVector">
        <void property="x">
         <float>0.572845</float>
        </void>
        <void property="y">
         <float>0.92541784</float>
        </void>
        <void property="z">
         <float>0.013297737</float>
        </void>
       </object>
      </void>
      <void property="collisions">
       <boolean>true</boolean>
      </void>
      <void property="lowerLimit">
       <float>-1.525316</float>
      </void>
      <void property="motorMaxImpulse">
       <float>2.3407001</float>
      </void>
      <void property="motorTargetVelocity">
       <float>61.499016</float>
      </void>
      <void property="timeA">
       <long>10</long>
      </void>
      <void property="timeB">
       <long>9</long>
      </void>
      <void property="upperLimit">
       <float>0.2179866</float>
      </void>
     </object>
    </void>
    <void method="put">
     <object class="com.jme3.bullet.joints.HingeJoint">
      <void property="collisionBetweenLinkedBodys">
       <boolean>false</boolean>
      </void>
     </object>
     <object class="com.matjazmuhic.util.JointProperties" id="JointProperties4">
      <void property="axis1">
       <object class="com.matjazmuhic.util.SimpleVector">
        <void property="x">
         <float>0.5303074</float>
        </void>
        <void property="y">
         <float>0.9719993</float>
        </void>
        <void property="z">
         <float>0.47917265</float>
        </void>
       </object>
      </void>
      <void property="axis2">
       <object class="com.matjazmuhic.util.SimpleVector">
        <void property="x">
         <float>0.7081402</float>
        </void>
        <void property="y">
         <float>0.8159373</float>
        </void>
        <void property="z">
         <float>0.822131</float>
        </void>
       </object>
      </void>
      <void property="collisions">
       <boolean>true</boolean>
      </void>
      <void property="lowerLimit">
       <float>-0.53989565</float>
      </void>
      <void property="motorMaxImpulse">
       <float>2.5579543</float>
      </void>
      <void property="motorTargetVelocity">
       <float>76.454544</float>
      </void>
      <void property="timeA">
       <long>1</long>
      </void>
      <void property="timeB">
       <long>3</long>
      </void>
      <void property="upperLimit">
       <float>1.3029003</float>
      </void>
     </object>
    </void>
    <void method="put">
     <object class="com.jme3.bullet.joints.HingeJoint">
      <void property="collisionBetweenLinkedBodys">
       <boolean>false</boolean>
      </void>
     </object>
     <object class="com.matjazmuhic.util.JointProperties" id="JointProperties5">
      <void property="axis1">
       <object class="com.matjazmuhic.util.SimpleVector">
        <void property="x">
         <float>0.81489635</float>
        </void>
        <void property="y">
         <float>0.31322664</float>
        </void>
        <void property="z">
         <float>0.2529201</float>
        </void>
       </object>
      </void>
      <void property="axis2">
       <object class="com.matjazmuhic.util.SimpleVector">
        <void property="x">
         <float>0.58591586</float>
        </void>
        <void property="y">
         <float>0.7830754</float>
        </void>
        <void property="z">
         <float>0.73203915</float>
        </void>
       </object>
      </void>
      <void property="collisions">
       <boolean>true</boolean>
      </void>
      <void property="lowerLimit">
       <float>-1.4150796</float>
      </void>
      <void property="motorMaxImpulse">
       <float>3.072915</float>
      </void>
      <void property="motorTargetVelocity">
       <float>69.715576</float>
      </void>
      <void property="timeA">
       <long>4</long>
      </void>
      <void property="timeB">
       <long>10</long>
      </void>
      <void property="upperLimit">
       <float>0.8306419</float>
      </void>
     </object>
    </void>
   </object>
  </void>
  <void property="numNodes">
   <int>7</int>
  </void>
  <void property="organismNode">
   <object class="com.jme3.scene.Node"/>
  </void>
  <void property="r">
   <object class="java.util.Random"/>
  </void>
  <void property="root">
   <object class="com.matjazmuhic.tree.BasicNode" id="BasicNode0">
    <void property="children">
     <array class="com.matjazmuhic.tree.ITreeNode" length="8">
      <void index="0">
       <object class="com.matjazmuhic.tree.BlockNode">
        <void property="children">
         <array class="com.matjazmuhic.tree.ITreeNode" length="8">
          <void index="7">
           <object class="com.matjazmuhic.tree.OccupiedNode"/>
          </void>
         </array>
        </void>
        <void property="dimensions">
         <object class="com.matjazmuhic.util.Dimensions" id="Dimensions0">
          <void class="com.matjazmuhic.util.Dimensions" method="getField">
           <string>x</string>
           <void method="set">
            <object idref="Dimensions0">
             <void class="com.matjazmuhic.util.Dimensions" method="getField">
              <string>y</string>
              <void method="set">
               <object idref="Dimensions0">
                <void class="com.matjazmuhic.util.Dimensions" method="getField">
                 <string>z</string>
                 <void method="set">
                  <object idref="Dimensions0"/>
                  <float>3.2432852</float>
                 </void>
                </void>
               </object>
               <float>1.5373853</float>
              </void>
             </void>
            </object>
            <float>9.595356</float>
           </void>
          </void>
         </object>
        </void>
        <void property="geometryId">
         <string>f317ae31-282e-455f-bff8-56dde51812bc</string>
        </void>
        <void property="jointProperties">
         <object class="com.matjazmuhic.util.JointProperties">
          <void property="axis1">
           <object class="com.matjazmuhic.util.SimpleVector">
            <void property="x">
             <float>0.71935064</float>
            </void>
            <void property="y">
             <float>0.76714206</float>
            </void>
            <void property="z">
             <float>0.2685485</float>
            </void>
           </object>
          </void>
          <void property="axis2">
           <object class="com.matjazmuhic.util.SimpleVector">
            <void property="x">
             <float>0.05068946</float>
            </void>
            <void property="y">
             <float>0.040135145</float>
            </void>
            <void property="z">
             <float>0.22431493</float>
            </void>
           </object>
          </void>
          <void property="collisions">
           <boolean>true</boolean>
          </void>
          <void property="lowerLimit">
           <float>-0.87964296</float>
          </void>
          <void property="motorMaxImpulse">
           <float>2.724869</float>
          </void>
          <void property="motorTargetVelocity">
           <float>75.208954</float>
          </void>
          <void property="timeA">
           <long>11</long>
          </void>
          <void property="upperLimit">
           <float>0.08283293</float>
          </void>
         </object>
        </void>
        <void property="parent">
         <object idref="BasicNode0">
          <void property="dimensions">
           <object class="com.matjazmuhic.util.Dimensions" id="Dimensions1">
            <void class="com.matjazmuhic.util.Dimensions" method="getField">
             <string>x</string>
             <void method="set">
              <object idref="Dimensions1">
               <void class="com.matjazmuhic.util.Dimensions" method="getField">
                <string>y</string>
                <void method="set">
                 <object idref="Dimensions1">
                  <void class="com.matjazmuhic.util.Dimensions" method="getField">
                   <string>z</string>
                   <void method="set">
                    <object idref="Dimensions1"/>
                    <float>2.4719377</float>
                   </void>
                  </void>
                 </object>
                 <float>5.796248</float>
                </void>
               </void>
              </object>
              <float>4.2097425</float>
             </void>
            </void>
           </object>
          </void>
          <void property="geometryId">
           <string>ae8b2f24-e01e-4088-9b20-4911689b8152</string>
          </void>
          <void property="numChildren">
           <int>4</int>
          </void>
         </object>
        </void>
        <void property="root">
         <object idref="BasicNode0"/>
        </void>
       </object>
      </void>
      <void index="1">
       <object class="com.matjazmuhic.tree.BlockNode">
        <void property="children">
         <array class="com.matjazmuhic.tree.ITreeNode" length="8">
          <void index="6">
           <object class="com.matjazmuhic.tree.OccupiedNode"/>
          </void>
         </array>
        </void>
        <void property="dimensions">
         <object class="com.matjazmuhic.util.Dimensions" id="Dimensions2">
          <void class="com.matjazmuhic.util.Dimensions" method="getField">
           <string>x</string>
           <void method="set">
            <object idref="Dimensions2">
             <void class="com.matjazmuhic.util.Dimensions" method="getField">
              <string>y</string>
              <void method="set">
               <object idref="Dimensions2">
                <void class="com.matjazmuhic.util.Dimensions" method="getField">
                 <string>z</string>
                 <void method="set">
                  <object idref="Dimensions2"/>
                  <float>4.734277</float>
                 </void>
                </void>
               </object>
               <float>8.783806</float>
              </void>
             </void>
            </object>
            <float>0.5212798</float>
           </void>
          </void>
         </object>
        </void>
        <void property="geometryId">
         <string>04ceaff5-33a8-4bf3-aeea-030275e9e439</string>
        </void>
        <void property="jointProperties">
         <object class="com.matjazmuhic.util.JointProperties">
          <void property="axis1">
           <object class="com.matjazmuhic.util.SimpleVector">
            <void property="x">
             <float>0.52643293</float>
            </void>
            <void property="y">
             <float>0.88268834</float>
            </void>
            <void property="z">
             <float>0.27683777</float>
            </void>
           </object>
          </void>
          <void property="axis2">
           <object class="com.matjazmuhic.util.SimpleVector">
            <void property="x">
             <float>0.14015555</float>
            </void>
            <void property="y">
             <float>0.46742094</float>
            </void>
            <void property="z">
             <float>0.4642799</float>
            </void>
           </object>
          </void>
          <void property="collisions">
           <boolean>true</boolean>
          </void>
          <void property="lowerLimit">
           <float>-0.38548994</float>
          </void>
          <void property="motorMaxImpulse">
           <float>4.3894725</float>
          </void>
          <void property="motorTargetVelocity">
           <float>98.50953</float>
          </void>
          <void property="timeA">
           <long>9</long>
          </void>
          <void property="timeB">
           <long>3</long>
          </void>
          <void property="upperLimit">
           <float>1.5214607</float>
          </void>
         </object>
        </void>
        <void property="parent">
         <object idref="BasicNode0"/>
        </void>
        <void property="root">
         <object idref="BasicNode0"/>
        </void>
       </object>
      </void>
      <void index="4">
       <object class="com.matjazmuhic.tree.BlockNode">
        <void property="children">
         <array class="com.matjazmuhic.tree.ITreeNode" length="8">
          <void index="3">
           <object class="com.matjazmuhic.tree.OccupiedNode"/>
          </void>
         </array>
        </void>
        <void property="dimensions">
         <object class="com.matjazmuhic.util.Dimensions" id="Dimensions3">
          <void class="com.matjazmuhic.util.Dimensions" method="getField">
           <string>x</string>
           <void method="set">
            <object idref="Dimensions3">
             <void class="com.matjazmuhic.util.Dimensions" method="getField">
              <string>y</string>
              <void method="set">
               <object idref="Dimensions3">
                <void class="com.matjazmuhic.util.Dimensions" method="getField">
                 <string>z</string>
                 <void method="set">
                  <object idref="Dimensions3"/>
                  <float>1.0642791</float>
                 </void>
                </void>
               </object>
               <float>12.585904</float>
              </void>
             </void>
            </object>
            <float>11.621811</float>
           </void>
          </void>
         </object>
        </void>
        <void property="geometryId">
         <string>1500c4e8-341e-4f10-9352-0a49bf8948e7</string>
        </void>
        <void property="jointProperties">
         <object idref="JointProperties0"/>
        </void>
        <void property="parent">
         <object idref="BasicNode0"/>
        </void>
        <void property="root">
         <object idref="BasicNode0"/>
        </void>
       </object>
      </void>
      <void index="5">
       <object class="com.matjazmuhic.tree.BlockNode" id="BlockNode0">
        <void property="children">
         <array class="com.matjazmuhic.tree.ITreeNode" length="8">
          <void index="5">
           <object class="com.matjazmuhic.tree.BlockNode" id="BlockNode1">
            <void property="children">
             <array class="com.matjazmuhic.tree.ITreeNode" length="8">
              <void index="0">
               <object class="com.matjazmuhic.tree.BlockNode" id="BlockNode2">
                <void property="children">
                 <array class="com.matjazmuhic.tree.ITreeNode" length="8">
                  <void index="0">
                   <object class="com.matjazmuhic.tree.BlockNode">
                    <void property="children">
                     <array class="com.matjazmuhic.tree.ITreeNode" length="8">
                      <void index="7">
                       <object class="com.matjazmuhic.tree.OccupiedNode"/>
                      </void>
                     </array>
                    </void>
                    <void property="dimensions">
                     <object class="com.matjazmuhic.util.Dimensions" id="Dimensions4">
                      <void class="com.matjazmuhic.util.Dimensions" method="getField">
                       <string>x</string>
                       <void method="set">
                        <object idref="Dimensions4">
                         <void class="com.matjazmuhic.util.Dimensions" method="getField">
                          <string>y</string>
                          <void method="set">
                           <object idref="Dimensions4">
                            <void class="com.matjazmuhic.util.Dimensions" method="getField">
                             <string>z</string>
                             <void method="set">
                              <object idref="Dimensions4"/>
                              <float>5.8695517</float>
                             </void>
                            </void>
                           </object>
                           <float>7.5757165</float>
                          </void>
                         </void>
                        </object>
                        <float>2.1033883</float>
                       </void>
                      </void>
                     </object>
                    </void>
                    <void property="geometryId">
                     <string>7286c07f-7b6b-44e8-953f-8117379e16f1</string>
                    </void>
                    <void property="jointProperties">
                     <object idref="JointProperties3"/>
                    </void>
                    <void property="parent">
                     <object idref="BlockNode2">
                      <void property="dimensions">
                       <object class="com.matjazmuhic.util.Dimensions" id="Dimensions5">
                        <void class="com.matjazmuhic.util.Dimensions" method="getField">
                         <string>x</string>
                         <void method="set">
                          <object idref="Dimensions5">
                           <void class="com.matjazmuhic.util.Dimensions" method="getField">
                            <string>y</string>
                            <void method="set">
                             <object idref="Dimensions5">
                              <void class="com.matjazmuhic.util.Dimensions" method="getField">
                               <string>z</string>
                               <void method="set">
                                <object idref="Dimensions5"/>
                                <float>13.60839</float>
                               </void>
                              </void>
                             </object>
                             <float>3.6407957</float>
                            </void>
                           </void>
                          </object>
                          <float>8.438656</float>
                         </void>
                        </void>
                       </object>
                      </void>
                      <void property="geometryId">
                       <string>2df57271-cf11-4582-bce5-b1fe36bb12e6</string>
                      </void>
                      <void property="jointProperties">
                       <object idref="JointProperties5"/>
                      </void>
                      <void property="numChildren">
                       <int>2</int>
                      </void>
                      <void property="parent">
                       <object idref="BlockNode1">
                        <void property="dimensions">
                         <object class="com.matjazmuhic.util.Dimensions" id="Dimensions6">
                          <void class="com.matjazmuhic.util.Dimensions" method="getField">
                           <string>x</string>
                           <void method="set">
                            <object idref="Dimensions6">
                             <void class="com.matjazmuhic.util.Dimensions" method="getField">
                              <string>y</string>
                              <void method="set">
                               <object idref="Dimensions6">
                                <void class="com.matjazmuhic.util.Dimensions" method="getField">
                                 <string>z</string>
                                 <void method="set">
                                  <object idref="Dimensions6"/>
                                  <float>11.679375</float>
                                 </void>
                                </void>
                               </object>
                               <float>5.9726324</float>
                              </void>
                             </void>
                            </object>
                            <float>2.5178204</float>
                           </void>
                          </void>
                         </object>
                        </void>
                        <void property="geometryId">
                         <string>df16f011-ae30-4562-8d48-750c5a374dab</string>
                        </void>
                        <void property="jointProperties">
                         <object idref="JointProperties2"/>
                        </void>
                        <void property="numChildren">
                         <int>1</int>
                        </void>
                        <void property="parent">
                         <object idref="BlockNode0">
                          <void property="dimensions">
                           <object class="com.matjazmuhic.util.Dimensions" id="Dimensions7">
                            <void class="com.matjazmuhic.util.Dimensions" method="getField">
                             <string>x</string>
                             <void method="set">
                              <object idref="Dimensions7">
                               <void class="com.matjazmuhic.util.Dimensions" method="getField">
                                <string>y</string>
                                <void method="set">
                                 <object idref="Dimensions7">
                                  <void class="com.matjazmuhic.util.Dimensions" method="getField">
                                   <string>z</string>
                                   <void method="set">
                                    <object idref="Dimensions7"/>
                                    <float>9.614535</float>
                                   </void>
                                  </void>
                                 </object>
                                 <float>3.071879</float>
                                </void>
                               </void>
                              </object>
                              <float>5.0162764</float>
                             </void>
                            </void>
                           </object>
                          </void>
                          <void property="geometryId">
                           <string>c2cbbf77-896d-4cbc-9194-e409f21757d4</string>
                          </void>
                          <void property="jointProperties">
                           <object idref="JointProperties4"/>
                          </void>
                          <void property="numChildren">
                           <int>1</int>
                          </void>
                          <void property="parent">
                           <object idref="BasicNode0"/>
                          </void>
                          <void property="root">
                           <object idref="BasicNode0"/>
                          </void>
                         </object>
                        </void>
                        <void property="root">
                         <object idref="BasicNode0"/>
                        </void>
                       </object>
                      </void>
                      <void property="root">
                       <object idref="BasicNode0"/>
                      </void>
                     </object>
                    </void>
                    <void property="root">
                     <object idref="BasicNode0"/>
                    </void>
                   </object>
                  </void>
                  <void index="2">
                   <object class="com.matjazmuhic.tree.BlockNode">
                    <void property="children">
                     <array class="com.matjazmuhic.tree.ITreeNode" length="8">
                      <void index="5">
                       <object class="com.matjazmuhic.tree.OccupiedNode"/>
                      </void>
                     </array>
                    </void>
                    <void property="dimensions">
                     <object class="com.matjazmuhic.util.Dimensions" id="Dimensions8">
                      <void class="com.matjazmuhic.util.Dimensions" method="getField">
                       <string>x</string>
                       <void method="set">
                        <object idref="Dimensions8">
                         <void class="com.matjazmuhic.util.Dimensions" method="getField">
                          <string>y</string>
                          <void method="set">
                           <object idref="Dimensions8">
                            <void class="com.matjazmuhic.util.Dimensions" method="getField">
                             <string>z</string>
                             <void method="set">
                              <object idref="Dimensions8"/>
                              <float>0.6273644</float>
                             </void>
                            </void>
                           </object>
                           <float>6.119942</float>
                          </void>
                         </void>
                        </object>
                        <float>5.090645</float>
                       </void>
                      </void>
                     </object>
                    </void>
                    <void property="geometryId">
                     <string>93c5faef-3340-49a0-8254-b7a0eaba0f99</string>
                    </void>
                    <void property="jointProperties">
                     <object idref="JointProperties1"/>
                    </void>
                    <void property="parent">
                     <object idref="BlockNode2"/>
                    </void>
                    <void property="root">
                     <object idref="BasicNode0"/>
                    </void>
                   </object>
                  </void>
                  <void index="7">
                   <object class="com.matjazmuhic.tree.OccupiedNode"/>
                  </void>
                 </array>
                </void>
               </object>
              </void>
             </array>
            </void>
           </object>
          </void>
         </array>
        </void>
       </object>
      </void>
     </array>
    </void>
   </object>
  </void>
  <void property="store">
   <object class="java.util.HashMap">
    <void method="put">
     <string>materials</string>
     <object class="java.util.ArrayList">
      <void method="add">
       <object class="com.jme3.material.Material"/>
      </void>
      <void method="add">
       <object class="com.jme3.material.Material"/>
      </void>
      <void method="add">
       <object class="com.jme3.material.Material"/>
      </void>
      <void method="add">
       <object class="com.jme3.material.Material"/>
      </void>
      <void method="add">
       <object class="com.jme3.material.Material"/>
      </void>
      <void method="add">
       <object class="com.jme3.material.Material"/>
      </void>
      <void method="add">
       <object class="com.jme3.material.Material"/>
      </void>
      <void method="add">
       <object class="com.jme3.material.Material"/>
      </void>
      <void method="add">
       <object class="com.jme3.material.Material"/>
      </void>
      <void method="add">
       <object class="com.jme3.material.Material"/>
      </void>
     </object>
    </void>
   </object>
  </void>
 </object>
</java>
